#
# There is insufficient memory for the Java Runtime Environment to continue.
# Native memory allocation (mmap) failed to map 134217728 bytes. Error detail: G1 virtual space
# Possible reasons:
#   The system is out of physical RAM or swap space
#   This process is running with CompressedOops enabled, and the Java Heap may be blocking the growth of the native heap
# Possible solutions:
#   Reduce memory load on the system
#   Increase physical memory or swap space
#   Check if swap backing store is full
#   Decrease Java heap size (-Xmx/-Xms)
#   Decrease number of Java threads
#   Decrease Java thread stack sizes (-Xss)
#   Set larger code cache with -XX:ReservedCodeCacheSize=
#   JVM is running with Unscaled Compressed Oops mode in which the Java heap is
#     placed in the first 4GB address space. The Java Heap base address is the
#     maximum limit for the native heap growth. Please use -XX:HeapBaseMinAddress
#     to set the Java Heap base and to place the Java Heap above 4GB virtual address.
# This output file may be truncated or incomplete.
#
#  Out of Memory Error (os_windows.cpp:3616), pid=20568, tid=20760
#
# JRE version:  (21.0.5+11) (build )
# Java VM: OpenJDK 64-Bit Server VM (21.0.5+11-LTS, mixed mode, sharing, tiered, compressed oops, compressed class ptrs, g1 gc, windows-amd64)
# No core dump will be written. Minidumps are not enabled by default on client versions of Windows
#

---------------  S U M M A R Y ------------

Command Line: -javaagent:C:\Program Files\JetBrains\IntelliJ IDEA 2023.2\lib\idea_rt.jar=62700:C:\Program Files\JetBrains\IntelliJ IDEA 2023.2\bin -Dfile.encoding=UTF-8 -Dsun.stdout.encoding=UTF-8 -Dsun.stderr.encoding=UTF-8 BaekJoon.DFS.P2583.Main

Host: Intel(R) Core(TM) i7-8565U CPU @ 1.80GHz, 8 cores, 7G,  Windows 10 , 64 bit Build 19041 (10.0.19041.5072)
Time: Thu Nov 28 01:55:38 2024  Windows 10 , 64 bit Build 19041 (10.0.19041.5072) elapsed time: 0.027749 seconds (0d 0h 0m 0s)

---------------  T H R E A D  ---------------

Current thread (0x000002807037eaf0):  JavaThread "Unknown thread" [_thread_in_vm, id=20760, stack(0x000000ffb4a00000,0x000000ffb4b00000) (1024K)]

Stack: [0x000000ffb4a00000,0x000000ffb4b00000]
Native frames: (J=compiled Java code, j=interpreted, Vv=VM code, C=native code)
V  [jvm.dll+0x6cd4e9]
V  [jvm.dll+0x8a7941]
V  [jvm.dll+0x8a9e6e]
V  [jvm.dll+0x8aa543]
V  [jvm.dll+0x27f6d6]
V  [jvm.dll+0x6c9c25]
V  [jvm.dll+0x6be84a]
V  [jvm.dll+0x355c6a]
V  [jvm.dll+0x35d836]
V  [jvm.dll+0x3af40e]
V  [jvm.dll+0x3af6b8]
V  [jvm.dll+0x329dfc]
V  [jvm.dll+0x32a95b]
V  [jvm.dll+0x870ba9]
V  [jvm.dll+0x3bc1e1]
V  [jvm.dll+0x859cd3]
V  [jvm.dll+0x4504ee]
V  [jvm.dll+0x452131]
C  [jli.dll+0x5278]
C  [ucrtbase.dll+0x21bb2]
C  [KERNEL32.DLL+0x17374]
C  [ntdll.dll+0x4cc91]


---------------  P R O C E S S  ---------------

Threads class SMR info:
_java_thread_list=0x00007ffa2dc690c8, length=0, elements={
}

Java Threads: ( => current thread )
Total: 0

Other Threads:
  0x00000280725b7200 WorkerThread "GC Thread#0"                     [id=5540, stack(0x000000ffb4b00000,0x000000ffb4c00000) (1024K)]
  0x00000280725c8120 ConcurrentGCThread "G1 Main Marker"            [id=1716, stack(0x000000ffb4c00000,0x000000ffb4d00000) (1024K)]
  0x00000280725ca3d0 WorkerThread "G1 Conc#0"                       [id=8988, stack(0x000000ffb4d00000,0x000000ffb4e00000) (1024K)]

[error occurred during error reporting (printing all threads), id 0xc0000005, EXCEPTION_ACCESS_VIOLATION (0xc0000005) at pc=0x00007ffa2d36c727]
VM state: not at safepoint (not fully initialized)

VM Mutex/Monitor currently owned by a thread:  ([mutex/lock_event])
[0x00007ffa2dcdd480] Heap_lock - owner thread: 0x000002807037eaf0

Heap address: 0x0000000081a00000, size: 2022 MB, Compressed Oops mode: 32-bit

CDS archive(s) mapped at: [0x0000000000000000-0x0000000000000000-0x0000000000000000), size 0, SharedBaseAddress: 0x0000000800000000, ArchiveRelocationMode: 1.
Narrow klass base: 0x0000000000000000, Narrow klass shift: 0, Narrow klass range: 0x0

GC Precious Log:
 CardTable entry size: 512
 Card Set container configuration: InlinePtr #cards 5 size 8 Array Of Cards #cards 12 size 40 Howl #buckets 4 coarsen threshold 1843 Howl Bitmap #cards 512 size 80 coarsen threshold 460 Card regions per heap region 1 cards per card region 2048

Heap:
 garbage-first heap   total 0K, used 0K [0x0000000081a00000, 0x0000000100000000)
  region size 1024K, 0 young (0K), 0 survivors (0K)

[error occurred during error reporting (printing heap information), id 0xc0000005, EXCEPTION_ACCESS_VIOLATION (0xc0000005) at pc=0x00007ffa2d756f49]
GC Heap History (0 events):
No events

Dll operation events (1 events):
Event: 0.011 Loaded shared library C:\Users\Á¤¼º¹Î\.jdks\temurin-21.0.5\bin\java.dll

Deoptimization events (0 events):
No events

Classes loaded (0 events):
No events

Classes unloaded (0 events):
No events

Classes redefined (0 events):
No events

Internal exceptions (0 events):
No events

ZGC Phase Switch (0 events):
No events

VM Operations (0 events):
No events

Memory protections (0 events):
No events

Nmethod flushes (0 events):
No events

Events (0 events):
No events


Dynamic libraries:
0x00007ff673f00000 - 0x00007ff673f0e000 	C:\Users\Á¤¼º¹Î\.jdks\temurin-21.0.5\bin\java.exe
0x00007ffa74730000 - 0x00007ffa74928000 	C:\WINDOWS\SYSTEM32\ntdll.dll
0x00007ffa58a60000 - 0x00007ffa58a7a000 	C:\Program Files\AVAST Software\Avast\aswhook.dll
0x00007ffa73b10000 - 0x00007ffa73bd2000 	C:\WINDOWS\System32\KERNEL32.DLL
0x00007ffa72320000 - 0x00007ffa7261e000 	C:\WINDOWS\System32\KERNELBASE.dll
0x00007ffa71dd0000 - 0x00007ffa71ed0000 	C:\WINDOWS\System32\ucrtbase.dll
0x00007ffa6d660000 - 0x00007ffa6d678000 	C:\Users\Á¤¼º¹Î\.jdks\temurin-21.0.5\bin\jli.dll
0x00007ffa69b60000 - 0x00007ffa69b7e000 	C:\Users\Á¤¼º¹Î\.jdks\temurin-21.0.5\bin\VCRUNTIME140.dll
0x00007ffa72bc0000 - 0x00007ffa72d5d000 	C:\WINDOWS\System32\USER32.dll
0x00007ffa71ed0000 - 0x00007ffa71ef2000 	C:\WINDOWS\System32\win32u.dll
0x00007ffa739e0000 - 0x00007ffa73a0b000 	C:\WINDOWS\System32\GDI32.dll
0x00007ffa72200000 - 0x00007ffa72317000 	C:\WINDOWS\System32\gdi32full.dll
0x00007ffa61fe0000 - 0x00007ffa6227a000 	C:\WINDOWS\WinSxS\amd64_microsoft.windows.common-controls_6595b64144ccf1df_6.0.19041.4355_none_60b8b9eb71f62e16\COMCTL32.dll
0x00007ffa71fb0000 - 0x00007ffa7204d000 	C:\WINDOWS\System32\msvcp_win.dll
0x00007ffa73ed0000 - 0x00007ffa73f6e000 	C:\WINDOWS\System32\msvcrt.dll
0x00007ffa73be0000 - 0x00007ffa73c0f000 	C:\WINDOWS\System32\IMM32.DLL
0x00007ffa6d8c0000 - 0x00007ffa6d8cc000 	C:\Users\Á¤¼º¹Î\.jdks\temurin-21.0.5\bin\vcruntime140_1.dll
0x00007ffa3bd80000 - 0x00007ffa3be0d000 	C:\Users\Á¤¼º¹Î\.jdks\temurin-21.0.5\bin\msvcp140.dll
0x00007ffa2d030000 - 0x00007ffa2ddbf000 	C:\Users\Á¤¼º¹Î\.jdks\temurin-21.0.5\bin\server\jvm.dll
0x00007ffa73c10000 - 0x00007ffa73cc1000 	C:\WINDOWS\System32\ADVAPI32.dll
0x00007ffa73a70000 - 0x00007ffa73b0f000 	C:\WINDOWS\System32\sechost.dll
0x00007ffa73cd0000 - 0x00007ffa73df3000 	C:\WINDOWS\System32\RPCRT4.dll
0x00007ffa72620000 - 0x00007ffa72647000 	C:\WINDOWS\System32\bcrypt.dll
0x00007ffa737c0000 - 0x00007ffa7382b000 	C:\WINDOWS\System32\WS2_32.dll
0x00007ffa71360000 - 0x00007ffa713ab000 	C:\WINDOWS\SYSTEM32\POWRPROF.dll
0x00007ffa63bb0000 - 0x00007ffa63bd7000 	C:\WINDOWS\SYSTEM32\WINMM.dll
0x00007ffa68f00000 - 0x00007ffa68f0a000 	C:\WINDOWS\SYSTEM32\VERSION.dll
0x00007ffa711d0000 - 0x00007ffa711e2000 	C:\WINDOWS\SYSTEM32\UMPDC.dll
0x00007ffa705f0000 - 0x00007ffa70602000 	C:\WINDOWS\SYSTEM32\kernel.appcore.dll
0x00007ffa6d650000 - 0x00007ffa6d65a000 	C:\Users\Á¤¼º¹Î\.jdks\temurin-21.0.5\bin\jimage.dll
0x00007ffa70300000 - 0x00007ffa704e4000 	C:\WINDOWS\SYSTEM32\DBGHELP.DLL
0x00007ffa67630000 - 0x00007ffa67664000 	C:\WINDOWS\SYSTEM32\dbgcore.DLL
0x00007ffa72650000 - 0x00007ffa726d2000 	C:\WINDOWS\System32\bcryptPrimitives.dll
0x00007ffa69a80000 - 0x00007ffa69a8f000 	C:\Users\Á¤¼º¹Î\.jdks\temurin-21.0.5\bin\instrument.dll
0x00007ffa69b40000 - 0x00007ffa69b5f000 	C:\Users\Á¤¼º¹Î\.jdks\temurin-21.0.5\bin\java.dll

dbghelp: loaded successfully - version: 4.0.5 - missing functions: none
symbol engine: initialized successfully - sym options: 0x614 - pdb path: .;C:\Users\Á¤¼º¹Î\.jdks\temurin-21.0.5\bin;C:\WINDOWS\SYSTEM32;C:\Program Files\AVAST Software\Avast;C:\WINDOWS\WinSxS\amd64_microsoft.windows.common-controls_6595b64144ccf1df_6.0.19041.4355_none_60b8b9eb71f62e16;C:\Users\Á¤¼º¹Î\.jdks\temurin-21.0.5\bin\;C:\Users\Á¤¼º¹Î\.jdks\temurin-21.0.5\b

VM Arguments:
jvm_args: -javaagent:C:\Program Files\JetBrains\IntelliJ IDEA 2023.2\lib\idea_rt.jar=62700:C:\Program Files\JetBrains\IntelliJ IDEA 2023.2\bin -Dfile.encoding=UTF-8 -Dsun.stdout.encoding=UTF-8 -Dsun.stderr.encoding=UTF-8 
java_command: BaekJoon.DFS.P2583.Main
java_class_path (initial): D:\±êÀúÀå¼Ò(°øºÎ)\CodingTest\out\production\CodingTest
Launcher Type: SUN_STANDARD

[Global flags]
     intx CICompilerCount                          = 4                                         {product} {ergonomic}
     uint ConcGCThreads                            = 2                                         {product} {ergonomic}
     uint G1ConcRefinementThreads                  = 8                                         {product} {ergonomic}
   size_t G1HeapRegionSize                         = 1048576                                   {product} {ergonomic}
    uintx GCDrainStackTargetSize                   = 64                                        {product} {ergonomic}
   size_t InitialHeapSize                          = 134217728                                 {product} {ergonomic}
   size_t MarkStackSize                            = 4194304                                   {product} {ergonomic}
   size_t MaxHeapSize                              = 2120220672                                {product} {ergonomic}
   size_t MinHeapDeltaBytes                        = 1048576                                   {product} {ergonomic}
   size_t MinHeapSize                              = 8388608                                   {product} {ergonomic}
    uintx NonNMethodCodeHeapSize                   = 5839372                                {pd product} {ergonomic}
    uintx NonProfiledCodeHeapSize                  = 122909434                              {pd product} {ergonomic}
    uintx ProfiledCodeHeapSize                     = 122909434                              {pd product} {ergonomic}
    uintx ReservedCodeCacheSize                    = 251658240                              {pd product} {ergonomic}
     bool SegmentedCodeCache                       = true                                      {product} {ergonomic}
   size_t SoftMaxHeapSize                          = 2120220672                             {manageable} {ergonomic}
     bool UseCompressedOops                        = true                           {product lp64_product} {ergonomic}
     bool UseG1GC                                  = true                                      {product} {ergonomic}
     bool UseLargePagesIndividualAllocation        = false                                  {pd product} {ergonomic}

Logging:
Log output configuration:
 #0: stdout all=warning uptime,level,tags foldmultilines=false
 #1: stderr all=off uptime,level,tags foldmultilines=false

Environment Variables:
JAVA_HOME=C:\Program Files\Java\jdk-11
PATH=C:\Program Files (x86)\NAT Service;D:\app\product\11.2.0\dbhome_1\BIN;C:\WINDOWS\system32;C:\WINDOWS;C:\WINDOWS\System32\Wbem;C:\WINDOWS\System32\WindowsPowerShell\v1.0\;C:\WINDOWS\System32\OpenSSH\;C:\Program Files\Intel\WiFi\bin\;C:\Program Files\Common Files\Intel\WirelessCommon\;C:\Program Files\Git\cmd;C:\Program Files\Java\jdk-11\bin;C:\Program Files (x86)\Common Files\Oracle\Java\javapath;C:\Program Files\nodejs\;C:\Users\Á¤¼º¹Î\AppData\Local\Microsoft\WindowsApps;C:\Program Files\Bandizip\;C:\Program Files\Intel\WiFi\bin\;C:\Program Files\Common Files\Intel\WirelessCommon\;C:\Users\Á¤¼º¹Î\AppData\Local\Microsoft\WindowsApps;C:\Users\Á¤¼º¹Î\IntelliJ IDEA Community Edition 2023.1.3\bin;;C:\Users\Á¤¼º¹Î\AppData\Local\GitHubDesktop\bin;C:\Program Files\JetBrains\IntelliJ IDEA 2023.2\bin;;C:\Users\Á¤¼º¹Î\AppData\Roaming\npm;C:\Users\Á¤¼º¹Î\AppData\Local\Programs\Microsoft VS Code\bin;
USERNAME=Á¤¼º¹Î
OS=Windows_NT
PROCESSOR_IDENTIFIER=Intel64 Family 6 Model 142 Stepping 12, GenuineIntel
TMP=C:\Users\Á¤¼º¹Î\AppData\Local\Temp
TEMP=C:\Users\Á¤¼º¹Î\AppData\Local\Temp




Periodic native trim disabled

---------------  S Y S T E M  ---------------

OS:
 Windows 10 , 64 bit Build 19041 (10.0.19041.5072)
OS uptime: 3 days 0:41 hours

CPU: total 8 (initial active 8) (4 cores per cpu, 2 threads per core) family 6 model 142 stepping 12 microcode 0xb8, cx8, cmov, fxsr, ht, mmx, 3dnowpref, sse, sse2, sse3, ssse3, sse4.1, sse4.2, popcnt, lzcnt, tsc, tscinvbit, avx, avx2, aes, erms, clmul, bmi1, bmi2, adx, fma, vzeroupper, clflush, clflushopt, rdtscp, f16c
Processor Information for all 8 processors :
  Max Mhz: 1992, Current Mhz: 1792, Mhz Limit: 1792

Memory: 4k page, system-wide physical 8082M (939M free)
TotalPageFile size 20370M (AvailPageFile size 52M)
current process WorkingSet (physical memory assigned to process): 11M, peak: 11M
current process commit charge ("private bytes"): 60M, peak: 188M

vm_info: OpenJDK 64-Bit Server VM (21.0.5+11-LTS) for windows-amd64 JRE (21.0.5+11-LTS), built on 2024-10-15T00:00:00Z by "admin" with MS VC++ 17.7 (VS2022)

END.
